<?xml version="1.0" encoding="UTF-8"?>
<!-- Generated by org.testng.reporters.JUnitReportReporter -->
<testsuite skipped="0" hostname="DESKTOP-LP332FI" name="com.bpract.btc.testscripts.BTCLoginTest" tests="1" failures="0" timestamp="2023-07-22T15:03:56 IST" time="8.103" errors="0">
  <testcase name="verifyLoginWithValidData" time="8.103" classname="com.bpract.btc.testscripts.BTCLoginTest"/>
  <system-out>
Login Successful!  </system-out>
</testsuite> <!-- com.bpract.btc.testscripts.BTCLoginTest -->
