<?xml version="1.0" encoding="UTF-8"?>
<!-- Generated by org.testng.reporters.JUnitReportReporter -->
<testsuite hostname="Bpract" failures="0" tests="2" name="com.bpract.btc.testscripts.BTCSubAdminTest" time="51.884" errors="0" timestamp="2023-09-26T09:49:42 IST" skipped="0">
  <testcase classname="com.bpract.btc.testscripts.BTCSubAdminTest" name="verifyValidSubAdminRegister" time="19.282">
    <system-out>
      <![CDATA[Login Successful!
You are in Sub Admin Page!
You are in Create Sub Admin Page!
Back to Sub Admin Page!]]>
    </system-out>
  </testcase> <!-- verifyValidSubAdminRegister -->
  <testcase classname="com.bpract.btc.testscripts.BTCSubAdminTest" name="verifyValidSubAdminRegister" time="32.602">
    <system-out>
      <![CDATA[Login Successful!
You are in Sub Admin Page!
You are in Create Sub Admin Page!
Back to Sub Admin Page!]]>
    </system-out>
  </testcase> <!-- verifyValidSubAdminRegister -->
  <system-out>
    <![CDATA[Login Successful!
You are in Sub Admin Page!
You are in Create Sub Admin Page!
Back to Sub Admin Page!
Login Successful!
You are in Sub Admin Page!
You are in Create Sub Admin Page!
Back to Sub Admin Page!]]>
  </system-out>
</testsuite> <!-- com.bpract.btc.testscripts.BTCSubAdminTest -->
