<?xml version="1.0" encoding="UTF-8"?>
<!-- Generated by org.testng.reporters.JUnitReportReporter -->
<testsuite skipped="0" hostname="DESKTOP-LP332FI" name="com.bpract.btc.testscripts.BTCUserProfileTest" tests="1" failures="0" timestamp="2023-07-06T18:24:41 IST" time="11.976" errors="0">
  <testcase name="verifyUserIsAbleToEditInfoInProfile" time="11.976" classname="com.bpract.btc.testscripts.BTCUserProfileTest"/>
  <system-out>
Login Successful! You are in My Profile Page!  </system-out>
</testsuite> <!-- com.bpract.btc.testscripts.BTCUserProfileTest -->
